0 info it worked if it ends with ok
1 verbose cli [ 'D:\\install\\node\\node.exe',
1 verbose cli   'D:\\install\\node\\node_modules\\npm\\bin\\npm-cli.js',
1 verbose cli   'run',
1 verbose cli   'lib' ]
2 info using npm@2.15.9
3 info using node@v4.5.0
4 verbose run-script [ 'prelib', 'lib', 'postlib' ]
5 info prelib aphrodite-freestyle@0.0.2
6 info lib aphrodite-freestyle@0.0.2
7 verbose unsafe-perm in lifecycle true
8 info aphrodite-freestyle@0.0.2 Failed to exec lib script
9 verbose stack Error: aphrodite-freestyle@0.0.2 lib: `webpack`
9 verbose stack Exit status 4294967295
9 verbose stack     at EventEmitter.<anonymous> (D:\install\node\node_modules\npm\lib\utils\lifecycle.js:217:16)
9 verbose stack     at emitTwo (events.js:87:13)
9 verbose stack     at EventEmitter.emit (events.js:172:7)
9 verbose stack     at ChildProcess.<anonymous> (D:\install\node\node_modules\npm\lib\utils\spawn.js:24:14)
9 verbose stack     at emitTwo (events.js:87:13)
9 verbose stack     at ChildProcess.emit (events.js:172:7)
9 verbose stack     at maybeClose (internal/child_process.js:829:16)
9 verbose stack     at Process.ChildProcess._handle.onexit (internal/child_process.js:211:5)
10 verbose pkgid aphrodite-freestyle@0.0.2
11 verbose cwd D:\web\aphrodite-freestyle
12 error Windows_NT 6.1.7601
13 error argv "D:\\install\\node\\node.exe" "D:\\install\\node\\node_modules\\npm\\bin\\npm-cli.js" "run" "lib"
14 error node v4.5.0
15 error npm  v2.15.9
16 error code ELIFECYCLE
17 error aphrodite-freestyle@0.0.2 lib: `webpack`
17 error Exit status 4294967295
18 error Failed at the aphrodite-freestyle@0.0.2 lib script 'webpack'.
18 error This is most likely a problem with the aphrodite-freestyle package,
18 error not with npm itself.
18 error Tell the author that this fails on your system:
18 error     webpack
18 error You can get information on how to open an issue for this project with:
18 error     npm bugs aphrodite-freestyle
18 error Or if that isn't available, you can get their info via:
18 error
18 error     npm owner ls aphrodite-freestyle
18 error There is likely additional logging output above.
19 verbose exit [ 1, true ]
